  [1m[36mActiveRecord::InternalMetadata Load (0.3ms)[0m  [1m[34mSELECT * FROM "ar_internal_metadata" WHERE "ar_internal_metadata"."key" = ? ORDER BY "ar_internal_metadata"."key" ASC LIMIT 1[0m  [[nil, "environment"]]
  [1m[36mActiveRecord::SchemaMigration Load (0.1ms)[0m  [1m[34mSELECT "schema_migrations"."version" FROM "schema_migrations" ORDER BY "schema_migrations"."version" ASC[0m
  [1m[36mActiveRecord::SchemaMigration Load (0.0ms)[0m  [1m[34mSELECT "schema_migrations"."version" FROM "schema_migrations" ORDER BY "schema_migrations"."version" ASC[0m
  [1m[36mActiveRecord::SchemaMigration Load (0.2ms)[0m  [1m[34mSELECT "schema_migrations"."version" FROM "schema_migrations" ORDER BY "schema_migrations"."version" ASC[0m
  [1m[36mCoffee Load (0.8ms)[0m  [1m[34mSELECT "coffees".* FROM "coffees" WHERE "coffees"."name" = ? LIMIT ?[0m  [["name", "Espresso"], ["LIMIT", 1]]
  [1m[36mCoffee Load (0.1ms)[0m  [1m[34mSELECT "coffees".* FROM "coffees" WHERE "coffees"."name" = ? LIMIT ?[0m  [["name", "Americano"], ["LIMIT", 1]]
  [1m[36mCoffee Load (0.1ms)[0m  [1m[34mSELECT "coffees".* FROM "coffees" WHERE "coffees"."name" = ? LIMIT ?[0m  [["name", "Latte"], ["LIMIT", 1]]
  [1m[36mCoffee Load (0.1ms)[0m  [1m[34mSELECT "coffees".* FROM "coffees" WHERE "coffees"."name" = ? LIMIT ?[0m  [["name", "Cappuccino"], ["LIMIT", 1]]
  [1m[36mCoffee Load (1.4ms)[0m  [1m[34mSELECT "coffees".* FROM "coffees" WHERE "coffees"."name" = ? LIMIT ?[0m  [["name", "Macchiato"], ["LIMIT", 1]]
  [1m[36mCoffee Load (0.1ms)[0m  [1m[34mSELECT "coffees".* FROM "coffees" WHERE "coffees"."name" = ? LIMIT ?[0m  [["name", "Mocha"], ["LIMIT", 1]]
  [1m[36mCoffee Count (1.2ms)[0m  [1m[34mSELECT COUNT(*) FROM "coffees"[0m
  [1m[36mActiveRecord::SchemaMigration Load (0.2ms)[0m  [1m[34mSELECT "schema_migrations"."version" FROM "schema_migrations" ORDER BY "schema_migrations"."version" ASC[0m
Started GET "/" for 127.0.0.1 at 2025-07-30 10:23:24 +0300
  [1m[36mActiveRecord::SchemaMigration Load (0.2ms)[0m  [1m[34mSELECT "schema_migrations"."version" FROM "schema_migrations" ORDER BY "schema_migrations"."version" ASC[0m
Processing by Api::V1::CoffeesController#index as HTML
  [1m[36mCoffee Load (0.7ms)[0m  [1m[34mSELECT "coffees".* FROM "coffees"[0m
  ↳ app/controllers/api/v1/coffees_controller.rb:8:in `map'
Completed 200 OK in 93ms (Views: 0.7ms | ActiveRecord: 3.3ms | Allocations: 18606)


Started GET "/favicon.ico" for 127.0.0.1 at 2025-07-30 10:23:24 +0300
  
ActionController::RoutingError (No route matches [GET] "/favicon.ico"):
  
Started GET "/" for 127.0.0.1 at 2025-07-30 10:24:57 +0300
Processing by Api::V1::CoffeesController#index as HTML
  [1m[36mCoffee Load (0.1ms)[0m  [1m[34mSELECT "coffees".* FROM "coffees"[0m
  ↳ app/controllers/api/v1/coffees_controller.rb:8:in `map'
Completed 200 OK in 3ms (Views: 0.2ms | ActiveRecord: 0.1ms | Allocations: 578)


Started GET "/" for 127.0.0.1 at 2025-07-30 10:29:30 +0300
Processing by Api::V1::CoffeesController#index as HTML
  [1m[36mCoffee Load (0.9ms)[0m  [1m[34mSELECT "coffees".* FROM "coffees"[0m
  ↳ app/controllers/api/v1/coffees_controller.rb:8:in `map'
Completed 200 OK in 4ms (Views: 0.3ms | ActiveRecord: 0.9ms | Allocations: 576)


Started GET "/api/v1/coffees" for 127.0.0.1 at 2025-07-30 10:52:30 +0300
Processing by Api::V1::CoffeesController#index as */*
  [1m[36mCoffee Load (108.2ms)[0m  [1m[34mSELECT "coffees".* FROM "coffees"[0m
  ↳ app/controllers/api/v1/coffees_controller.rb:8:in `map'
Completed 200 OK in 249ms (Views: 6.0ms | ActiveRecord: 167.2ms | Allocations: 825)


Started GET "/api/v1/coffees" for 127.0.0.1 at 2025-07-30 10:52:31 +0300
Processing by Api::V1::CoffeesController#index as */*
  [1m[36mCoffee Load (0.2ms)[0m  [1m[34mSELECT "coffees".* FROM "coffees"[0m
  ↳ app/controllers/api/v1/coffees_controller.rb:8:in `map'
Completed 200 OK in 5ms (Views: 1.3ms | ActiveRecord: 0.2ms | Allocations: 567)


Started GET "/api/v1/coffees" for 127.0.0.1 at 2025-07-30 10:52:51 +0300
Processing by Api::V1::CoffeesController#index as */*
  [1m[36mCoffee Load (0.3ms)[0m  [1m[34mSELECT "coffees".* FROM "coffees"[0m
  ↳ app/controllers/api/v1/coffees_controller.rb:8:in `map'
Completed 200 OK in 14ms (Views: 4.2ms | ActiveRecord: 0.3ms | Allocations: 578)


Started GET "/api/v1/coffees" for 127.0.0.1 at 2025-07-30 10:52:51 +0300
Processing by Api::V1::CoffeesController#index as */*
  [1m[36mCoffee Load (0.2ms)[0m  [1m[34mSELECT "coffees".* FROM "coffees"[0m
  ↳ app/controllers/api/v1/coffees_controller.rb:8:in `map'
Completed 200 OK in 8ms (Views: 1.1ms | ActiveRecord: 0.2ms | Allocations: 578)


Started GET "/" for 127.0.0.1 at 2025-07-30 10:52:57 +0300
Processing by Api::V1::CoffeesController#index as HTML
  [1m[36mCoffee Load (4.3ms)[0m  [1m[34mSELECT "coffees".* FROM "coffees"[0m
  ↳ app/controllers/api/v1/coffees_controller.rb:8:in `map'
Completed 200 OK in 19ms (Views: 0.2ms | ActiveRecord: 2.9ms | Allocations: 564)


Started GET "/api/v1/coffees" for 127.0.0.1 at 2025-07-30 11:17:41 +0300
Processing by Api::V1::CoffeesController#index as */*
  [1m[36mCoffee Load (27.1ms)[0m  [1m[34mSELECT "coffees".* FROM "coffees"[0m
  ↳ app/controllers/api/v1/coffees_controller.rb:8:in `map'
Completed 200 OK in 45ms (Views: 2.4ms | ActiveRecord: 34.1ms | Allocations: 821)


Started GET "/api/v1/coffees" for 127.0.0.1 at 2025-07-30 11:17:41 +0300
Processing by Api::V1::CoffeesController#index as */*
  [1m[36mCoffee Load (0.1ms)[0m  [1m[34mSELECT "coffees".* FROM "coffees"[0m
  ↳ app/controllers/api/v1/coffees_controller.rb:8:in `map'
Completed 200 OK in 2ms (Views: 0.2ms | ActiveRecord: 0.1ms | Allocations: 566)


Started GET "/api/v1/coffees" for 127.0.0.1 at 2025-07-30 11:17:52 +0300
Processing by Api::V1::CoffeesController#index as */*
  [1m[36mCoffee Load (0.3ms)[0m  [1m[34mSELECT "coffees".* FROM "coffees"[0m
  ↳ app/controllers/api/v1/coffees_controller.rb:8:in `map'
Completed 200 OK in 13ms (Views: 4.0ms | ActiveRecord: 0.2ms | Allocations: 566)


Started GET "/api/v1/coffees" for 127.0.0.1 at 2025-07-30 11:17:52 +0300
Processing by Api::V1::CoffeesController#index as */*
  [1m[36mCoffee Load (0.1ms)[0m  [1m[34mSELECT "coffees".* FROM "coffees"[0m
  ↳ app/controllers/api/v1/coffees_controller.rb:8:in `map'
Completed 200 OK in 3ms (Views: 0.5ms | ActiveRecord: 0.1ms | Allocations: 566)


  [1m[36mActiveRecord::SchemaMigration Load (0.2ms)[0m  [1m[34mSELECT "schema_migrations"."version" FROM "schema_migrations" ORDER BY "schema_migrations"."version" ASC[0m
Started GET "/" for 127.0.0.1 at 2025-07-30 11:20:35 +0300
Processing by Api::V1::CoffeesController#index as HTML
  [1m[36mCoffee Load (0.7ms)[0m  [1m[34mSELECT "coffees".* FROM "coffees"[0m
  ↳ app/controllers/api/v1/coffees_controller.rb:8:in `map'
Completed 200 OK in 17ms (Views: 1.3ms | ActiveRecord: 0.6ms | Allocations: 564)


Started GET "/api/v1/coffees" for 127.0.0.1 at 2025-07-30 11:23:14 +0300
Processing by Api::V1::CoffeesController#index as */*
  [1m[36mCoffee Load (0.3ms)[0m  [1m[34mSELECT "coffees".* FROM "coffees"[0m
  ↳ app/controllers/api/v1/coffees_controller.rb:8:in `map'
Completed 200 OK in 8ms (Views: 2.5ms | ActiveRecord: 0.3ms | Allocations: 566)


Started GET "/api/v1/coffees" for 127.0.0.1 at 2025-07-30 11:23:14 +0300
Processing by Api::V1::CoffeesController#index as */*
  [1m[36mCoffee Load (0.1ms)[0m  [1m[34mSELECT "coffees".* FROM "coffees"[0m
  ↳ app/controllers/api/v1/coffees_controller.rb:8:in `map'
Completed 200 OK in 3ms (Views: 1.5ms | ActiveRecord: 0.1ms | Allocations: 566)


Started GET "/api/v1/coffees" for 127.0.0.1 at 2025-07-30 11:26:02 +0300
Processing by Api::V1::CoffeesController#index as */*
  [1m[36mCoffee Load (0.2ms)[0m  [1m[34mSELECT "coffees".* FROM "coffees"[0m
  ↳ app/controllers/api/v1/coffees_controller.rb:8:in `map'
Completed 200 OK in 7ms (Views: 1.5ms | ActiveRecord: 0.2ms | Allocations: 566)


Started GET "/api/v1/coffees" for 127.0.0.1 at 2025-07-30 11:26:02 +0300
Processing by Api::V1::CoffeesController#index as */*
  [1m[36mCoffee Load (0.3ms)[0m  [1m[34mSELECT "coffees".* FROM "coffees"[0m
  ↳ app/controllers/api/v1/coffees_controller.rb:8:in `map'
Completed 200 OK in 4ms (Views: 0.4ms | ActiveRecord: 0.3ms | Allocations: 566)


Started GET "/api/v1/coffees" for 127.0.0.1 at 2025-07-30 11:26:14 +0300
Processing by Api::V1::CoffeesController#index as */*
  [1m[36mCoffee Load (0.2ms)[0m  [1m[34mSELECT "coffees".* FROM "coffees"[0m
  ↳ app/controllers/api/v1/coffees_controller.rb:8:in `map'
Completed 200 OK in 45ms (Views: 0.3ms | ActiveRecord: 0.2ms | Allocations: 567)


Started GET "/api/v1/coffees" for 127.0.0.1 at 2025-07-30 11:26:15 +0300
Processing by Api::V1::CoffeesController#index as */*
  [1m[36mCoffee Load (0.1ms)[0m  [1m[34mSELECT "coffees".* FROM "coffees"[0m
  ↳ app/controllers/api/v1/coffees_controller.rb:8:in `map'
Completed 200 OK in 5ms (Views: 0.5ms | ActiveRecord: 0.1ms | Allocations: 566)


Started GET "/api/v1/coffees" for 127.0.0.1 at 2025-07-30 11:27:29 +0300
Processing by Api::V1::CoffeesController#index as */*
  [1m[36mCoffee Load (0.1ms)[0m  [1m[34mSELECT "coffees".* FROM "coffees"[0m
  ↳ app/controllers/api/v1/coffees_controller.rb:8:in `map'
Completed 200 OK in 4ms (Views: 0.1ms | ActiveRecord: 0.1ms | Allocations: 566)


Started GET "/api/v1/coffees" for 127.0.0.1 at 2025-07-30 11:27:29 +0300
Processing by Api::V1::CoffeesController#index as */*
  [1m[36mCoffee Load (0.1ms)[0m  [1m[34mSELECT "coffees".* FROM "coffees"[0m
  ↳ app/controllers/api/v1/coffees_controller.rb:8:in `map'
Completed 200 OK in 5ms (Views: 0.8ms | ActiveRecord: 0.1ms | Allocations: 566)


Started GET "/" for 127.0.0.1 at 2025-07-30 11:29:29 +0300
Processing by Api::V1::CoffeesController#index as HTML
  [1m[36mCoffee Load (0.1ms)[0m  [1m[34mSELECT "coffees".* FROM "coffees"[0m
  ↳ app/controllers/api/v1/coffees_controller.rb:8:in `map'
Completed 200 OK in 4ms (Views: 0.2ms | ActiveRecord: 0.1ms | Allocations: 564)


Started GET "/" for 127.0.0.1 at 2025-07-30 11:29:35 +0300
Processing by Api::V1::CoffeesController#index as HTML
  [1m[36mCoffee Load (0.1ms)[0m  [1m[34mSELECT "coffees".* FROM "coffees"[0m
  ↳ app/controllers/api/v1/coffees_controller.rb:8:in `map'
Completed 200 OK in 7ms (Views: 1.9ms | ActiveRecord: 0.1ms | Allocations: 564)


Started GET "/api/v1/coffees" for 127.0.0.1 at 2025-07-30 11:29:39 +0300
Processing by Api::V1::CoffeesController#index as */*
  [1m[36mCoffee Load (0.1ms)[0m  [1m[34mSELECT "coffees".* FROM "coffees"[0m
  ↳ app/controllers/api/v1/coffees_controller.rb:8:in `map'
Completed 200 OK in 9ms (Views: 1.1ms | ActiveRecord: 0.1ms | Allocations: 566)


Started GET "/api/v1/coffees" for 127.0.0.1 at 2025-07-30 11:29:39 +0300
Processing by Api::V1::CoffeesController#index as */*
  [1m[36mCoffee Load (0.1ms)[0m  [1m[34mSELECT "coffees".* FROM "coffees"[0m
  ↳ app/controllers/api/v1/coffees_controller.rb:8:in `map'
Completed 200 OK in 2ms (Views: 0.2ms | ActiveRecord: 0.1ms | Allocations: 566)


Started GET "/api/v1/coffees" for 127.0.0.1 at 2025-07-30 11:30:35 +0300
Processing by Api::V1::CoffeesController#index as */*
  [1m[36mCoffee Load (0.3ms)[0m  [1m[34mSELECT "coffees".* FROM "coffees"[0m
  ↳ app/controllers/api/v1/coffees_controller.rb:8:in `map'
Completed 200 OK in 3ms (Views: 0.3ms | ActiveRecord: 0.2ms | Allocations: 566)


Started GET "/api/v1/coffees" for 127.0.0.1 at 2025-07-30 11:30:35 +0300
Processing by Api::V1::CoffeesController#index as */*
  [1m[36mCoffee Load (1.2ms)[0m  [1m[34mSELECT "coffees".* FROM "coffees"[0m
  ↳ app/controllers/api/v1/coffees_controller.rb:8:in `map'
Completed 200 OK in 6ms (Views: 0.2ms | ActiveRecord: 1.2ms | Allocations: 566)


Started GET "/api/v1/coffees" for 127.0.0.1 at 2025-07-30 11:30:47 +0300
Processing by Api::V1::CoffeesController#index as */*
  [1m[36mCoffee Load (0.7ms)[0m  [1m[34mSELECT "coffees".* FROM "coffees"[0m
  ↳ app/controllers/api/v1/coffees_controller.rb:8:in `map'
Completed 200 OK in 10ms (Views: 0.2ms | ActiveRecord: 0.6ms | Allocations: 566)


Started GET "/api/v1/coffees" for 127.0.0.1 at 2025-07-30 11:30:48 +0300
Processing by Api::V1::CoffeesController#index as */*
  [1m[36mCoffee Load (1.0ms)[0m  [1m[34mSELECT "coffees".* FROM "coffees"[0m
  ↳ app/controllers/api/v1/coffees_controller.rb:8:in `map'
Completed 200 OK in 14ms (Views: 0.2ms | ActiveRecord: 1.0ms | Allocations: 566)


Started GET "/api/v1/coffees" for 127.0.0.1 at 2025-07-30 11:32:01 +0300
Processing by Api::V1::CoffeesController#index as */*
  [1m[36mCoffee Load (0.1ms)[0m  [1m[34mSELECT "coffees".* FROM "coffees"[0m
  ↳ app/controllers/api/v1/coffees_controller.rb:8:in `map'
Completed 200 OK in 3ms (Views: 0.1ms | ActiveRecord: 0.1ms | Allocations: 566)


Started GET "/api/v1/coffees" for 127.0.0.1 at 2025-07-30 11:32:02 +0300
Processing by Api::V1::CoffeesController#index as */*
  [1m[36mCoffee Load (0.1ms)[0m  [1m[34mSELECT "coffees".* FROM "coffees"[0m
  ↳ app/controllers/api/v1/coffees_controller.rb:8:in `map'
Completed 200 OK in 2ms (Views: 0.1ms | ActiveRecord: 0.1ms | Allocations: 566)


Started GET "/api/v1/coffees" for 127.0.0.1 at 2025-07-30 11:36:12 +0300
Processing by Api::V1::CoffeesController#index as */*
  [1m[36mCoffee Load (0.2ms)[0m  [1m[34mSELECT "coffees".* FROM "coffees"[0m
  ↳ app/controllers/api/v1/coffees_controller.rb:8:in `map'
Completed 200 OK in 3ms (Views: 0.2ms | ActiveRecord: 0.1ms | Allocations: 566)


Started GET "/api/v1/coffees" for 127.0.0.1 at 2025-07-30 11:36:12 +0300
Processing by Api::V1::CoffeesController#index as */*
  [1m[36mCoffee Load (0.1ms)[0m  [1m[34mSELECT "coffees".* FROM "coffees"[0m
  ↳ app/controllers/api/v1/coffees_controller.rb:8:in `map'
Completed 200 OK in 2ms (Views: 0.2ms | ActiveRecord: 0.1ms | Allocations: 566)


Started GET "/api/v1/coffees" for 127.0.0.1 at 2025-07-30 11:36:23 +0300
Processing by Api::V1::CoffeesController#index as */*
  [1m[36mCoffee Load (0.1ms)[0m  [1m[34mSELECT "coffees".* FROM "coffees"[0m
  ↳ app/controllers/api/v1/coffees_controller.rb:8:in `map'
Completed 200 OK in 2ms (Views: 0.2ms | ActiveRecord: 0.1ms | Allocations: 566)


Started GET "/api/v1/coffees" for 127.0.0.1 at 2025-07-30 11:36:23 +0300
Processing by Api::V1::CoffeesController#index as */*
  [1m[36mCoffee Load (0.1ms)[0m  [1m[34mSELECT "coffees".* FROM "coffees"[0m
  ↳ app/controllers/api/v1/coffees_controller.rb:8:in `map'
Completed 200 OK in 2ms (Views: 0.2ms | ActiveRecord: 0.1ms | Allocations: 566)


Started GET "/api/v1/coffees" for 127.0.0.1 at 2025-07-30 11:36:24 +0300
Processing by Api::V1::CoffeesController#index as */*
  [1m[36mCoffee Load (0.1ms)[0m  [1m[34mSELECT "coffees".* FROM "coffees"[0m
  ↳ app/controllers/api/v1/coffees_controller.rb:8:in `map'
Completed 200 OK in 2ms (Views: 0.2ms | ActiveRecord: 0.1ms | Allocations: 566)


Started GET "/api/v1/coffees" for 127.0.0.1 at 2025-07-30 11:36:24 +0300
Processing by Api::V1::CoffeesController#index as */*
  [1m[36mCoffee Load (0.1ms)[0m  [1m[34mSELECT "coffees".* FROM "coffees"[0m
  ↳ app/controllers/api/v1/coffees_controller.rb:8:in `map'
Completed 200 OK in 2ms (Views: 0.2ms | ActiveRecord: 0.1ms | Allocations: 566)


Started GET "/" for 127.0.0.1 at 2025-07-30 11:36:28 +0300
Processing by Api::V1::CoffeesController#index as HTML
  [1m[36mCoffee Load (0.2ms)[0m  [1m[34mSELECT "coffees".* FROM "coffees"[0m
  ↳ app/controllers/api/v1/coffees_controller.rb:8:in `map'
Completed 200 OK in 12ms (Views: 0.2ms | ActiveRecord: 0.2ms | Allocations: 564)


Started GET "/" for 127.0.0.1 at 2025-07-30 11:36:30 +0300
Processing by Api::V1::CoffeesController#index as HTML
  [1m[36mCoffee Load (0.1ms)[0m  [1m[34mSELECT "coffees".* FROM "coffees"[0m
  ↳ app/controllers/api/v1/coffees_controller.rb:8:in `map'
Completed 200 OK in 2ms (Views: 0.2ms | ActiveRecord: 0.1ms | Allocations: 564)


Started GET "/api/v1/coffees" for 127.0.0.1 at 2025-07-30 11:36:58 +0300
Processing by Api::V1::CoffeesController#index as */*
  [1m[36mCoffee Load (0.1ms)[0m  [1m[34mSELECT "coffees".* FROM "coffees"[0m
  ↳ app/controllers/api/v1/coffees_controller.rb:8:in `map'
Completed 200 OK in 2ms (Views: 0.2ms | ActiveRecord: 0.1ms | Allocations: 566)


Started GET "/api/v1/coffees" for 127.0.0.1 at 2025-07-30 11:36:58 +0300
Processing by Api::V1::CoffeesController#index as */*
  [1m[36mCoffee Load (0.1ms)[0m  [1m[34mSELECT "coffees".* FROM "coffees"[0m
  ↳ app/controllers/api/v1/coffees_controller.rb:8:in `map'
Completed 200 OK in 2ms (Views: 0.2ms | ActiveRecord: 0.1ms | Allocations: 566)


Started GET "/api/v1/coffees" for 127.0.0.1 at 2025-07-30 11:37:02 +0300
Processing by Api::V1::CoffeesController#index as */*
  [1m[36mCoffee Load (0.1ms)[0m  [1m[34mSELECT "coffees".* FROM "coffees"[0m
  ↳ app/controllers/api/v1/coffees_controller.rb:8:in `map'
Completed 200 OK in 2ms (Views: 0.3ms | ActiveRecord: 0.1ms | Allocations: 566)


Started GET "/api/v1/coffees" for 127.0.0.1 at 2025-07-30 11:37:02 +0300
Processing by Api::V1::CoffeesController#index as */*
  [1m[36mCoffee Load (0.1ms)[0m  [1m[34mSELECT "coffees".* FROM "coffees"[0m
  ↳ app/controllers/api/v1/coffees_controller.rb:8:in `map'
Completed 200 OK in 7ms (Views: 0.2ms | ActiveRecord: 0.1ms | Allocations: 566)


Started GET "/api/v1/coffees" for 127.0.0.1 at 2025-07-30 11:37:03 +0300
Processing by Api::V1::CoffeesController#index as */*
  [1m[36mCoffee Load (0.1ms)[0m  [1m[34mSELECT "coffees".* FROM "coffees"[0m
  ↳ app/controllers/api/v1/coffees_controller.rb:8:in `map'
Completed 200 OK in 2ms (Views: 0.1ms | ActiveRecord: 0.1ms | Allocations: 566)


Started GET "/api/v1/coffees" for 127.0.0.1 at 2025-07-30 11:37:03 +0300
Processing by Api::V1::CoffeesController#index as */*
  [1m[36mCoffee Load (0.1ms)[0m  [1m[34mSELECT "coffees".* FROM "coffees"[0m
  ↳ app/controllers/api/v1/coffees_controller.rb:8:in `map'
Completed 200 OK in 2ms (Views: 0.2ms | ActiveRecord: 0.1ms | Allocations: 566)


Started GET "/" for 127.0.0.1 at 2025-07-30 11:37:05 +0300
Processing by Api::V1::CoffeesController#index as HTML
  [1m[36mCoffee Load (0.2ms)[0m  [1m[34mSELECT "coffees".* FROM "coffees"[0m
  ↳ app/controllers/api/v1/coffees_controller.rb:8:in `map'
Completed 200 OK in 2ms (Views: 0.2ms | ActiveRecord: 0.1ms | Allocations: 564)


Started GET "/api/v1/coffees" for 127.0.0.1 at 2025-07-30 11:38:19 +0300
Processing by Api::V1::CoffeesController#index as */*
  [1m[36mCoffee Load (0.2ms)[0m  [1m[34mSELECT "coffees".* FROM "coffees"[0m
  ↳ app/controllers/api/v1/coffees_controller.rb:8:in `map'
Completed 200 OK in 2ms (Views: 0.2ms | ActiveRecord: 0.1ms | Allocations: 566)


Started GET "/api/v1/coffees" for 127.0.0.1 at 2025-07-30 11:38:20 +0300
Processing by Api::V1::CoffeesController#index as */*
  [1m[36mCoffee Load (0.1ms)[0m  [1m[34mSELECT "coffees".* FROM "coffees"[0m
  ↳ app/controllers/api/v1/coffees_controller.rb:8:in `map'
Completed 200 OK in 2ms (Views: 0.1ms | ActiveRecord: 0.1ms | Allocations: 566)


Started GET "/" for 127.0.0.1 at 2025-07-30 11:38:22 +0300
Processing by Api::V1::CoffeesController#index as HTML
  [1m[36mCoffee Load (0.1ms)[0m  [1m[34mSELECT "coffees".* FROM "coffees"[0m
  ↳ app/controllers/api/v1/coffees_controller.rb:8:in `map'
Completed 200 OK in 2ms (Views: 0.2ms | ActiveRecord: 0.1ms | Allocations: 564)


Started GET "/api/v1/coffees" for 127.0.0.1 at 2025-07-30 11:52:05 +0300
  [1m[36mActiveRecord::SchemaMigration Load (0.2ms)[0m  [1m[34mSELECT "schema_migrations"."version" FROM "schema_migrations" ORDER BY "schema_migrations"."version" ASC[0m
Processing by Api::V1::CoffeesController#index as */*
  [1m[36mCoffee Load (0.4ms)[0m  [1m[34mSELECT "coffees".* FROM "coffees"[0m
  ↳ app/controllers/api/v1/coffees_controller.rb:8:in `map'
Completed 200 OK in 621ms (Views: 1.7ms | ActiveRecord: 24.3ms | Allocations: 17326)


Started GET "/api/v1/coffees" for 127.0.0.1 at 2025-07-30 11:52:09 +0300
Processing by Api::V1::CoffeesController#index as */*
  [1m[36mCoffee Load (0.1ms)[0m  [1m[34mSELECT "coffees".* FROM "coffees"[0m
  ↳ app/controllers/api/v1/coffees_controller.rb:8:in `map'
Completed 200 OK in 3ms (Views: 0.3ms | ActiveRecord: 0.1ms | Allocations: 581)


Started GET "/api/v1/coffees" for 127.0.0.1 at 2025-07-30 11:55:15 +0300
Processing by Api::V1::CoffeesController#index as */*
  [1m[36mCoffee Load (0.1ms)[0m  [1m[34mSELECT "coffees".* FROM "coffees"[0m
  ↳ app/controllers/api/v1/coffees_controller.rb:8:in `map'
Completed 200 OK in 2ms (Views: 0.2ms | ActiveRecord: 0.1ms | Allocations: 578)


Started GET "/api/v1/coffees" for 127.0.0.1 at 2025-07-30 11:55:15 +0300
Processing by Api::V1::CoffeesController#index as */*
  [1m[36mCoffee Load (0.1ms)[0m  [1m[34mSELECT "coffees".* FROM "coffees"[0m
  ↳ app/controllers/api/v1/coffees_controller.rb:8:in `map'
Completed 200 OK in 2ms (Views: 0.2ms | ActiveRecord: 0.1ms | Allocations: 578)


